Using pre-set license
Built from '2021.1/release' branch; Version is '2021.1.4f1 (4cd64a618c1b) revision 5035594'; Using compiler version '192528614'; Build Type 'Release'
OS: 'Windows 10 Pro; OS build 19043.1466; Version 2009; 64bit' Language: 'tr' Physical Memory: 8106 MB
BatchMode: 1, IsHumanControllingUs: 0, StartBugReporterOnCrash: 0, Is64bit: 1, IsPro: 0

 COMMAND LINE ARGUMENTS:
C:\Program Files\Unity\Hub\Editor\2021.1.4f1\Editor\Unity.exe
-adb2
-batchMode
-noUpm
-name
AssetImportWorker0
-projectPath
D:/Unity Lessons/Introducing
-logFile
Logs/AssetImportWorker0.log
-srvPort
1031
Successfully changed project path to: D:/Unity Lessons/Introducing
D:/Unity Lessons/Introducing
Using Asset Import Pipeline V2.
Refreshing native plugins compatible for Editor in 503.18 ms, found 2 plugins.
Preloading 0 native plugins for Editor in 0.00 ms.
Initialize engine version: 2021.1.4f1 (4cd64a618c1b)
[Subsystems] Discovering subsystems at path C:/Program Files/Unity/Hub/Editor/2021.1.4f1/Editor/Data/Resources/UnitySubsystems
[Subsystems] Discovering subsystems at path D:/Unity Lessons/Introducing/Assets
GfxDevice: creating device client; threaded=0; jobified=0
Direct3D:
    Version:  Direct3D 11.0 [level 11.0]
    Renderer: NVIDIA GeForce 940M (ID=0x1347)
    Vendor:   NVIDIA
    VRAM:     4049 MB
    Driver:   27.21.14.6589
Initialize mono
Mono path[0] = 'C:/Program Files/Unity/Hub/Editor/2021.1.4f1/Editor/Data/Managed'
Mono path[1] = 'C:/Program Files/Unity/Hub/Editor/2021.1.4f1/Editor/Data/MonoBleedingEdge/lib/mono/unityjit'
Mono config path = 'C:/Program Files/Unity/Hub/Editor/2021.1.4f1/Editor/Data/MonoBleedingEdge/etc'
Using monoOptions --debugger-agent=transport=dt_socket,embedding=1,server=y,suspend=n,address=127.0.0.1:56000
Begin MonoManager ReloadAssembly
Registering precompiled unity dll's ...
Register platform support module: C:/Program Files/Unity/Hub/Editor/2021.1.4f1/Editor/Data/PlaybackEngines/WebGLSupport/UnityEditor.WebGL.Extensions.dll
Register platform support module: C:/Program Files/Unity/Hub/Editor/2021.1.4f1/Editor/Data/PlaybackEngines/WindowsStandaloneSupport/UnityEditor.WindowsStandalone.Extensions.dll
Registered in 0.005638 seconds.
Native extension for WindowsStandalone target not found
Native extension for WebGL target not found
Refreshing native plugins compatible for Editor in 187.85 ms, found 2 plugins.
Preloading 0 native plugins for Editor in 0.00 ms.
Mono: successfully reloaded assembly
- Completed reload, in  3.797 seconds
Platform modules already initialized, skipping
Registering precompiled user dll's ...
Registered in 0.003473 seconds.
Begin MonoManager ReloadAssembly
Native extension for WindowsStandalone target not found
Native extension for WebGL target not found
Refreshing native plugins compatible for Editor in 264.82 ms, found 2 plugins.
Preloading 0 native plugins for Editor in 0.00 ms.
Mono: successfully reloaded assembly
- Completed reload, in  2.737 seconds
Platform modules already initialized, skipping
========================================================================
Worker process is ready to serve import requests
Launched and connected shader compiler UnityShaderCompiler.exe after 0.13 seconds
Refreshing native plugins compatible for Editor in 0.97 ms, found 2 plugins.
Preloading 0 native plugins for Editor in 0.00 ms.
Unloading 3370 Unused Serialized files (Serialized files now loaded: 0)
System memory in use before: 127.9 MB.
System memory in use after: 128.0 MB.

Unloading 29 unused Assets to reduce memory usage. Loaded Objects now: 3822.
Total: 10.797900 ms (FindLiveObjects: 1.513400 ms CreateObjectMapping: 1.495100 ms MarkObjects: 7.525800 ms  DeleteObjects: 0.261000 ms)

========================================================================
Received Import Request.
  path: Assets/Scenes
  artifactKey: Guid(7acaa99fc38101742b5d3913572f6845) Importer(815301076,1909f56bfc062723c751e8b465ee728b)
Start importing Assets/Scenes using Guid(7acaa99fc38101742b5d3913572f6845) Importer(815301076,1909f56bfc062723c751e8b465ee728b)  -> (artifact id: '911080188575514dbb5b9abab59180e5') in 0.086209 seconds 
========================================================================
Received Import Request.
  Time since last request: 0.000319 seconds.
  path: Assets/Scenes/SampleScene.unity
  artifactKey: Guid(2cda990e2423bbf4892e6590ba056729) Importer(815301076,1909f56bfc062723c751e8b465ee728b)
Start importing Assets/Scenes/SampleScene.unity using Guid(2cda990e2423bbf4892e6590ba056729) Importer(815301076,1909f56bfc062723c751e8b465ee728b)  -> (artifact id: 'c0cd909e23d452e20eb29b08c366624d') in 0.036897 seconds 
========================================================================
Received Prepare
Registering precompiled user dll's ...
Registered in 0.004969 seconds.
Begin MonoManager ReloadAssembly
Native extension for WindowsStandalone target not found
Native extension for WebGL target not found
Refreshing native plugins compatible for Editor in 1.70 ms, found 2 plugins.
Preloading 0 native plugins for Editor in 0.00 ms.
Mono: successfully reloaded assembly
- Completed reload, in  2.807 seconds
Platform modules already initialized, skipping
Refreshing native plugins compatible for Editor in 1.32 ms, found 2 plugins.
Preloading 0 native plugins for Editor in 0.00 ms.
Unloading 3366 Unused Serialized files (Serialized files now loaded: 0)
System memory in use before: 127.9 MB.
System memory in use after: 128.0 MB.

Unloading 17 unused Assets to reduce memory usage. Loaded Objects now: 3827.
Total: 10.972300 ms (FindLiveObjects: 0.619400 ms CreateObjectMapping: 0.769000 ms MarkObjects: 9.390100 ms  DeleteObjects: 0.191400 ms)

========================================================================
Received Prepare
Registering precompiled user dll's ...
Registered in 0.074643 seconds.
Begin MonoManager ReloadAssembly
Native extension for WindowsStandalone target not found
Native extension for WebGL target not found
Refreshing native plugins compatible for Editor in 2.85 ms, found 2 plugins.
Preloading 0 native plugins for Editor in 0.00 ms.
Mono: successfully reloaded assembly
- Completed reload, in  2.370 seconds
Platform modules already initialized, skipping
Refreshing native plugins compatible for Editor in 1.44 ms, found 2 plugins.
Preloading 0 native plugins for Editor in 0.00 ms.
Unloading 3365 Unused Serialized files (Serialized files now loaded: 0)
System memory in use before: 128.0 MB.
System memory in use after: 128.1 MB.

Unloading 17 unused Assets to reduce memory usage. Loaded Objects now: 3830.
Total: 4.343600 ms (FindLiveObjects: 0.332200 ms CreateObjectMapping: 0.262000 ms MarkObjects: 3.616000 ms  DeleteObjects: 0.131900 ms)

========================================================================
Received Prepare
Registering precompiled user dll's ...
Registered in 0.003531 seconds.
Begin MonoManager ReloadAssembly
Native extension for WindowsStandalone target not found
Native extension for WebGL target not found
Refreshing native plugins compatible for Editor in 1.44 ms, found 2 plugins.
Preloading 0 native plugins for Editor in 0.00 ms.
Mono: successfully reloaded assembly
- Completed reload, in  1.791 seconds
Platform modules already initialized, skipping
Script is not up to date after domain reload: guid(4aa1ef934d72e9f4983fd96cf0932fcd) path("Assets/PrintToConsole.cs") state(2)
Refreshing native plugins compatible for Editor in 1.60 ms, found 2 plugins.
Preloading 0 native plugins for Editor in 0.00 ms.
Unloading 3365 Unused Serialized files (Serialized files now loaded: 0)
System memory in use before: 128.0 MB.
System memory in use after: 128.1 MB.

Unloading 17 unused Assets to reduce memory usage. Loaded Objects now: 3834.
Total: 5.638000 ms (FindLiveObjects: 0.586600 ms CreateObjectMapping: 0.391600 ms MarkObjects: 4.482900 ms  DeleteObjects: 0.174700 ms)

========================================================================
Received Import Request.
  Time since last request: 2173.656242 seconds.
  path: Assets/PrintToConsole.cs
  artifactKey: Guid(4aa1ef934d72e9f4983fd96cf0932fcd) Importer(815301076,1909f56bfc062723c751e8b465ee728b)
Start importing Assets/PrintToConsole.cs using Guid(4aa1ef934d72e9f4983fd96cf0932fcd) Importer(815301076,1909f56bfc062723c751e8b465ee728b)  -> (artifact id: '0a24924a4537a5bc833d128aa45ba12e') in 0.644670 seconds 
========================================================================
Received Prepare
Registering precompiled user dll's ...
Registered in 0.003866 seconds.
Begin MonoManager ReloadAssembly
Native extension for WindowsStandalone target not found
Native extension for WebGL target not found
Refreshing native plugins compatible for Editor in 1.07 ms, found 2 plugins.
Preloading 0 native plugins for Editor in 0.00 ms.
Mono: successfully reloaded assembly
- Completed reload, in  2.612 seconds
Platform modules already initialized, skipping
Refreshing native plugins compatible for Editor in 1.03 ms, found 2 plugins.
Preloading 0 native plugins for Editor in 0.00 ms.
Unloading 3366 Unused Serialized files (Serialized files now loaded: 0)
System memory in use before: 128.1 MB.
System memory in use after: 128.2 MB.

Unloading 17 unused Assets to reduce memory usage. Loaded Objects now: 3839.
Total: 5.325200 ms (FindLiveObjects: 0.646400 ms CreateObjectMapping: 0.441300 ms MarkObjects: 4.040000 ms  DeleteObjects: 0.194900 ms)

========================================================================
Received Import Request.
  Time since last request: 971.561836 seconds.
  path: Assets/PrintToConsole.cs
  artifactKey: Guid(4aa1ef934d72e9f4983fd96cf0932fcd) Importer(815301076,1909f56bfc062723c751e8b465ee728b)
Start importing Assets/PrintToConsole.cs using Guid(4aa1ef934d72e9f4983fd96cf0932fcd) Importer(815301076,1909f56bfc062723c751e8b465ee728b)  -> (artifact id: '7554573cc8288575fe8ca61bb0e98321') in 0.144395 seconds 
========================================================================
Received Prepare
Registering precompiled user dll's ...
Registered in 0.004162 seconds.
Begin MonoManager ReloadAssembly
Native extension for WindowsStandalone target not found
Native extension for WebGL target not found
Refreshing native plugins compatible for Editor in 0.82 ms, found 2 plugins.
Preloading 0 native plugins for Editor in 0.00 ms.
Mono: successfully reloaded assembly
- Completed reload, in  4.047 seconds
Platform modules already initialized, skipping
Refreshing native plugins compatible for Editor in 0.92 ms, found 2 plugins.
Preloading 0 native plugins for Editor in 0.00 ms.
Unloading 3366 Unused Serialized files (Serialized files now loaded: 0)
System memory in use before: 128.1 MB.
System memory in use after: 128.2 MB.

Unloading 17 unused Assets to reduce memory usage. Loaded Objects now: 3843.
Total: 3.668400 ms (FindLiveObjects: 0.309200 ms CreateObjectMapping: 0.339600 ms MarkObjects: 2.881400 ms  DeleteObjects: 0.136500 ms)

========================================================================
Received Import Request.
  Time since last request: 108.866980 seconds.
  path: Assets/PrintToConsole.cs
  artifactKey: Guid(4aa1ef934d72e9f4983fd96cf0932fcd) Importer(815301076,1909f56bfc062723c751e8b465ee728b)
Start importing Assets/PrintToConsole.cs using Guid(4aa1ef934d72e9f4983fd96cf0932fcd) Importer(815301076,1909f56bfc062723c751e8b465ee728b)  -> (artifact id: '3a26295a7efb27641dc54df278d4c1c7') in 0.015874 seconds 
========================================================================
Received Prepare
Registering precompiled user dll's ...
Registered in 0.005653 seconds.
Begin MonoManager ReloadAssembly
Native extension for WindowsStandalone target not found
Native extension for WebGL target not found
Refreshing native plugins compatible for Editor in 0.97 ms, found 2 plugins.
Preloading 0 native plugins for Editor in 0.00 ms.
Mono: successfully reloaded assembly
- Completed reload, in  2.071 seconds
Platform modules already initialized, skipping
Refreshing native plugins compatible for Editor in 0.84 ms, found 2 plugins.
Preloading 0 native plugins for Editor in 0.00 ms.
Unloading 3366 Unused Serialized files (Serialized files now loaded: 0)
System memory in use before: 128.1 MB.
System memory in use after: 128.2 MB.

Unloading 17 unused Assets to reduce memory usage. Loaded Objects now: 3847.
Total: 5.231100 ms (FindLiveObjects: 0.347100 ms CreateObjectMapping: 0.215200 ms MarkObjects: 4.446100 ms  DeleteObjects: 0.220600 ms)

========================================================================
Received Prepare
Registering precompiled user dll's ...
Registered in 0.004754 seconds.
Begin MonoManager ReloadAssembly
Native extension for WindowsStandalone target not found
Native extension for WebGL target not found
Refreshing native plugins compatible for Editor in 1.54 ms, found 2 plugins.
Preloading 0 native plugins for Editor in 0.00 ms.
Mono: successfully reloaded assembly
- Completed reload, in  2.235 seconds
Platform modules already initialized, skipping
Refreshing native plugins compatible for Editor in 1.23 ms, found 2 plugins.
Preloading 0 native plugins for Editor in 0.00 ms.
Unloading 3366 Unused Serialized files (Serialized files now loaded: 0)
System memory in use before: 128.1 MB.
System memory in use after: 128.2 MB.

Unloading 17 unused Assets to reduce memory usage. Loaded Objects now: 3851.
Total: 3.492300 ms (FindLiveObjects: 0.414800 ms CreateObjectMapping: 0.225200 ms MarkObjects: 2.720100 ms  DeleteObjects: 0.129900 ms)

========================================================================
Received Prepare
Registering precompiled user dll's ...
Registered in 0.004802 seconds.
Begin MonoManager ReloadAssembly
Native extension for WindowsStandalone target not found
Native extension for WebGL target not found
Refreshing native plugins compatible for Editor in 1.36 ms, found 2 plugins.
Preloading 0 native plugins for Editor in 0.00 ms.
Mono: successfully reloaded assembly
- Completed reload, in  2.351 seconds
Platform modules already initialized, skipping
Refreshing native plugins compatible for Editor in 0.88 ms, found 2 plugins.
Preloading 0 native plugins for Editor in 0.00 ms.
Unloading 3366 Unused Serialized files (Serialized files now loaded: 0)
System memory in use before: 128.1 MB.
System memory in use after: 128.2 MB.

Unloading 17 unused Assets to reduce memory usage. Loaded Objects now: 3855.
Total: 3.190700 ms (FindLiveObjects: 0.306600 ms CreateObjectMapping: 0.187800 ms MarkObjects: 2.560500 ms  DeleteObjects: 0.134200 ms)

AssetImportWorkerClient::OnTransportError - code=2 error=End of file
